Start testing: Jun 24 11:52 Pacific Daylight Time
----------------------------------------------------------
1/1 Testing: test_tensor
1/1 Test: test_tensor
Command: "C:/Users/PC/ARIX/ARIX_Algo/build/tests/Release/test_tensor.exe"
Directory: C:/Users/PC/ARIX/ARIX_Algo/build/tests
"test_tensor" start time: Jun 24 11:52 Pacific Daylight Time
Output:
----------------------------------------------------------
Running test_create_2d... PASS
Running test_zeros... PASS
Running test_ones... PASS
Running test_set_get... PASS
Running test_randn_range... PASS
Running test_print... Tensor shape: [2, 3]
Dtype: float32
Size: 6 elements
Data (first 6): [1.000000, 1.000000, 1.000000, 1.000000, 1.000000, 1.000000]
PASS

6 passed, 0 failed out of 6
<end of output>
Test time =   0.34 sec
----------------------------------------------------------
Test Passed.
"test_tensor" end time: Jun 24 11:52 Pacific Daylight Time
"test_tensor" time elapsed: 00:00:00
----------------------------------------------------------

End testing: Jun 24 11:52 Pacific Daylight Time
